{"level":"\u001b[32minfo\u001b[39m","message":"{\"method\":\"POST\",\"url\":\"/api/v1/onboarding/users\",\"status\":\"500\",\"responseTime\":\"136.455\"}","timestamp":"2024-10-19T15:51:46.323Z"}
{"level":"\u001b[32minfo\u001b[39m","message":"{\"method\":\"POST\",\"url\":\"/api/v1/onboarding/users\",\"status\":\"500\",\"responseTime\":\"70.071\"}","timestamp":"2024-10-19T15:52:09.478Z"}
{"level":"\u001b[32minfo\u001b[39m","message":"{\"method\":\"POST\",\"url\":\"/api/v1/onboarding/users\",\"status\":\"500\",\"responseTime\":\"79.306\"}","timestamp":"2024-10-19T16:06:16.887Z"}
{"level":"\u001b[32minfo\u001b[39m","message":"{\"method\":\"POST\",\"url\":\"/api/v1/onboarding/users\",\"status\":\"500\",\"responseTime\":\"170.937\"}","timestamp":"2024-10-19T16:07:03.240Z"}
{"level":"\u001b[32minfo\u001b[39m","message":"{\"method\":\"POST\",\"url\":\"/api/v1/onboarding/users\",\"status\":\"500\",\"responseTime\":\"35.873\"}","timestamp":"2024-10-19T16:09:53.662Z"}
{"level":"\u001b[32minfo\u001b[39m","message":"{\"method\":\"POST\",\"url\":\"/api/v1/onboarding/users\",\"status\":\"500\",\"responseTime\":\"150.100\"}","timestamp":"2024-10-19T16:10:41.701Z"}
{"level":"\u001b[32minfo\u001b[39m","message":"{\"method\":\"POST\",\"url\":\"/api/v1/onboarding/users\",\"status\":\"500\",\"responseTime\":\"34.864\"}","timestamp":"2024-10-19T16:11:15.232Z"}
{"level":"\u001b[32minfo\u001b[39m","message":"{\"method\":\"POST\",\"url\":\"/api/v1/onboarding/users\",\"status\":\"500\",\"responseTime\":\"138.328\"}","timestamp":"2024-10-19T16:11:24.932Z"}
{"level":"\u001b[32minfo\u001b[39m","message":"{\"method\":\"POST\",\"url\":\"/api/v1/onboarding/users\",\"status\":\"200\",\"responseTime\":\"131.080\"}","timestamp":"2024-10-19T16:14:34.587Z"}
{"level":"\u001b[32minfo\u001b[39m","message":"{\"method\":\"POST\",\"url\":\"/api/v1/onboarding/verify-email\",\"status\":\"502\",\"responseTime\":\"12.661\"}","timestamp":"2024-10-19T16:16:13.494Z"}
{"level":"\u001b[32minfo\u001b[39m","message":"{\"method\":\"POST\",\"url\":\"/api/v1/onboarding/verify-email\",\"status\":\"502\",\"responseTime\":\"45.372\"}","timestamp":"2024-10-19T16:17:23.935Z"}
{"level":"\u001b[32minfo\u001b[39m","message":"{\"method\":\"POST\",\"url\":\"/api/v1/onboarding/users\",\"status\":\"200\",\"responseTime\":\"133.178\"}","timestamp":"2024-10-19T16:19:18.826Z"}
{"level":"\u001b[32minfo\u001b[39m","message":"{\"method\":\"POST\",\"url\":\"/api/v1/onboarding/verify-email\",\"status\":\"200\",\"responseTime\":\"10.332\"}","timestamp":"2024-10-19T16:19:24.427Z"}
{"level":"\u001b[32minfo\u001b[39m","message":"{\"method\":\"POST\",\"url\":\"/api/v1/onboarding/verify-email\",\"status\":\"502\",\"responseTime\":\"7.869\"}","timestamp":"2024-10-19T16:20:24.576Z"}
{"level":"\u001b[32minfo\u001b[39m","message":"{\"method\":\"POST\",\"url\":\"/api/v1/onboarding/verify-phone\",\"status\":\"502\",\"responseTime\":\"12.566\"}","timestamp":"2024-10-19T16:20:39.114Z"}
{"level":"\u001b[32minfo\u001b[39m","message":"{\"method\":\"POST\",\"url\":\"/api/v1/onboarding/verify-phone\",\"status\":\"200\",\"responseTime\":\"5.694\"}","timestamp":"2024-10-19T16:20:46.403Z"}
{"level":"\u001b[32minfo\u001b[39m","message":"{\"method\":\"POST\",\"url\":\"/api/v1/onboarding/verify-phone\",\"status\":\"200\",\"responseTime\":\"3.944\"}","timestamp":"2024-10-19T16:20:49.679Z"}
{"level":"\u001b[32minfo\u001b[39m","message":"{\"method\":\"POST\",\"url\":\"/api/v1/onboarding/verify-phone\",\"status\":\"200\",\"responseTime\":\"3.835\"}","timestamp":"2024-10-19T16:20:53.410Z"}
{"level":"\u001b[32minfo\u001b[39m","message":"{\"method\":\"POST\",\"url\":\"/api/v1/onboarding/verify-phone\",\"status\":\"502\",\"responseTime\":\"48.358\"}","timestamp":"2024-10-19T16:22:17.230Z"}
{"level":"\u001b[32minfo\u001b[39m","message":"{\"method\":\"POST\",\"url\":\"/api/v1/onboarding/verify-phone\",\"status\":\"502\",\"responseTime\":\"7.856\"}","timestamp":"2024-10-19T16:22:26.620Z"}
{"level":"\u001b[32minfo\u001b[39m","message":"{\"method\":\"POST\",\"url\":\"/api/v1/onboarding/users\",\"status\":\"200\",\"responseTime\":\"127.020\"}","timestamp":"2024-10-19T16:23:48.202Z"}
{"level":"\u001b[32minfo\u001b[39m","message":"{\"method\":\"POST\",\"url\":\"/api/v1/onboarding/verify-phone\",\"status\":\"200\",\"responseTime\":\"9.032\"}","timestamp":"2024-10-19T16:23:53.835Z"}
{"level":"\u001b[32minfo\u001b[39m","message":"{\"method\":\"POST\",\"url\":\"/api/v1/onboarding/verify-email\",\"status\":\"200\",\"responseTime\":\"7.164\"}","timestamp":"2024-10-19T16:24:01.172Z"}
{"level":"\u001b[32minfo\u001b[39m","message":"{\"method\":\"POST\",\"url\":\"/api/v1/onboarding/verify-email\",\"status\":\"200\",\"responseTime\":\"1.473\"}","timestamp":"2024-10-19T16:24:02.617Z"}
{"level":"\u001b[32minfo\u001b[39m","message":"{\"method\":\"POST\",\"url\":\"/api/v1/onboarding/verify-phone\",\"status\":\"200\",\"responseTime\":\"1.355\"}","timestamp":"2024-10-19T16:24:06.591Z"}
{"level":"\u001b[32minfo\u001b[39m","message":"{\"method\":\"GET\",\"url\":\"/api/v1/transactions/users/6\",\"status\":\"500\",\"responseTime\":\"56.945\"}","timestamp":"2024-10-19T16:25:21.483Z"}
{"level":"\u001b[32minfo\u001b[39m","message":"{\"method\":\"GET\",\"url\":\"/api/v1/transactions/users/6\",\"status\":\"500\",\"responseTime\":\"68.092\"}","timestamp":"2024-10-19T16:25:49.631Z"}
{"level":"\u001b[32minfo\u001b[39m","message":"{\"method\":\"GET\",\"url\":\"/api/v1/transactions/users/6\",\"status\":\"500\",\"responseTime\":\"68.583\"}","timestamp":"2024-10-19T16:26:05.082Z"}
{"level":"\u001b[32minfo\u001b[39m","message":"{\"method\":\"GET\",\"url\":\"/api/v1/transactions/users/6\",\"status\":\"500\",\"responseTime\":\"110.610\"}","timestamp":"2024-10-20T09:35:04.102Z"}
{"level":"\u001b[32minfo\u001b[39m","message":"{\"method\":\"GET\",\"url\":\"/api/v1/transactions/users/6\",\"status\":\"500\",\"responseTime\":\"71.415\"}","timestamp":"2024-10-20T09:36:49.819Z"}
{"level":"\u001b[32minfo\u001b[39m","message":"{\"method\":\"GET\",\"url\":\"/api/v1/transactions/users/6\",\"status\":\"500\",\"responseTime\":\"80.797\"}","timestamp":"2024-10-20T09:38:34.433Z"}
{"level":"\u001b[32minfo\u001b[39m","message":"{\"method\":\"GET\",\"url\":\"/api/v1/transactions/users/6\",\"status\":\"500\",\"responseTime\":\"4.323\"}","timestamp":"2024-10-20T09:39:10.505Z"}
{"level":"\u001b[32minfo\u001b[39m","message":"{\"method\":\"GET\",\"url\":\"/api/v1/transactions/users/6\",\"status\":\"500\",\"responseTime\":\"74.999\"}","timestamp":"2024-10-20T09:43:57.279Z"}
{"level":"\u001b[32minfo\u001b[39m","message":"{\"method\":\"GET\",\"url\":\"/api/v1/transactions/users/6\",\"status\":\"500\",\"responseTime\":\"68.307\"}","timestamp":"2024-10-20T09:44:16.480Z"}
{"level":"\u001b[32minfo\u001b[39m","message":"{\"method\":\"GET\",\"url\":\"/api/v1/transactions/users/6\",\"status\":\"500\",\"responseTime\":\"77.716\"}","timestamp":"2024-10-20T09:45:40.900Z"}
{"level":"\u001b[32minfo\u001b[39m","message":"{\"method\":\"GET\",\"url\":\"/api/v1/transactions/users/6\",\"status\":\"500\",\"responseTime\":\"75.715\"}","timestamp":"2024-10-20T09:46:59.151Z"}
{"level":"\u001b[32minfo\u001b[39m","message":"{\"method\":\"GET\",\"url\":\"/api/v1/transactions/users/6\",\"status\":\"500\",\"responseTime\":\"69.031\"}","timestamp":"2024-10-20T09:47:21.934Z"}
{"level":"\u001b[32minfo\u001b[39m","message":"{\"method\":\"GET\",\"url\":\"/api/v1/transactions/users/6\",\"status\":\"500\",\"responseTime\":\"68.244\"}","timestamp":"2024-10-20T09:48:01.988Z"}
{"level":"\u001b[32minfo\u001b[39m","message":"{\"method\":\"GET\",\"url\":\"/api/v1/transactions/users/6\",\"status\":\"500\",\"responseTime\":\"66.316\"}","timestamp":"2024-10-20T09:50:18.212Z"}
{"level":"\u001b[32minfo\u001b[39m","message":"{\"method\":\"GET\",\"url\":\"/api/v1/transactions/users/6\",\"status\":\"500\",\"responseTime\":\"66.878\"}","timestamp":"2024-10-20T09:50:54.674Z"}
{"level":"\u001b[32minfo\u001b[39m","message":"{\"method\":\"GET\",\"url\":\"/api/v1/transactions/users/6\",\"status\":\"500\",\"responseTime\":\"70.819\"}","timestamp":"2024-10-20T09:51:37.338Z"}
{"level":"\u001b[32minfo\u001b[39m","message":"{\"method\":\"GET\",\"url\":\"/api/v1/transactions/users/6\",\"status\":\"200\",\"responseTime\":\"38.304\"}","timestamp":"2024-10-20T09:57:43.871Z"}
{"level":"\u001b[32minfo\u001b[39m","message":"{\"method\":\"GET\",\"url\":\"/api/v1/transactions/users/6\",\"status\":\"200\",\"responseTime\":\"36.841\"}","timestamp":"2024-10-20T10:00:46.972Z"}
{"level":"\u001b[32minfo\u001b[39m","message":"{\"method\":\"GET\",\"url\":\"/api/v1/transactions/users/6\",\"status\":\"200\",\"responseTime\":\"45.028\"}","timestamp":"2024-10-20T10:03:19.257Z"}
{"level":"\u001b[32minfo\u001b[39m","message":"{\"method\":\"POST\",\"url\":\"/api/v1/onboarding/users\",\"status\":\"200\",\"responseTime\":\"116.062\"}","timestamp":"2024-10-20T10:04:52.060Z"}
{"level":"\u001b[32minfo\u001b[39m","message":"{\"method\":\"POST\",\"url\":\"/api/v1/onboarding/verify-phone\",\"status\":\"200\",\"responseTime\":\"8.925\"}","timestamp":"2024-10-20T10:04:58.106Z"}
{"level":"\u001b[32minfo\u001b[39m","message":"{\"method\":\"POST\",\"url\":\"/api/v1/onboarding/verify-email\",\"status\":\"200\",\"responseTime\":\"5.883\"}","timestamp":"2024-10-20T10:05:05.785Z"}
{"level":"\u001b[32minfo\u001b[39m","message":"{\"method\":\"GET\",\"url\":\"/api/v1/transactions/users/6\",\"status\":\"404\",\"responseTime\":\"1.849\"}","timestamp":"2024-10-20T10:05:13.767Z"}
{"level":"\u001b[32minfo\u001b[39m","message":"{\"method\":\"GET\",\"url\":\"/api/v1/transactions/users/7\",\"status\":\"404\",\"responseTime\":\"1.229\"}","timestamp":"2024-10-20T10:05:19.631Z"}
{"level":"\u001b[32minfo\u001b[39m","message":"{\"method\":\"GET\",\"url\":\"/api/v1/transactions/users/1\",\"status\":\"200\",\"responseTime\":\"10.733\"}","timestamp":"2024-10-20T10:05:41.754Z"}
{"level":"\u001b[32minfo\u001b[39m","message":"{\"method\":\"GET\",\"url\":\"/api/v1/transactions/users/Abelkelly\",\"status\":\"500\",\"responseTime\":\"58.746\"}","timestamp":"2024-10-20T10:10:30.683Z"}
{"level":"\u001b[32minfo\u001b[39m","message":"{\"method\":\"GET\",\"url\":\"/api/v1/transactions/users/Abelkelly\",\"status\":\"500\",\"responseTime\":\"67.146\"}","timestamp":"2024-10-20T10:11:45.855Z"}
{"level":"\u001b[32minfo\u001b[39m","message":"{\"method\":\"GET\",\"url\":\"/api/v1/transactions/users/Abelkelly\",\"status\":\"500\",\"responseTime\":\"68.004\"}","timestamp":"2024-10-20T10:12:20.658Z"}
{"level":"\u001b[32minfo\u001b[39m","message":"{\"method\":\"GET\",\"url\":\"/api/v1/transactions/get-user-by-username/users/Abelkelly\",\"status\":\"500\",\"responseTime\":\"8.128\"}","timestamp":"2024-10-20T10:44:10.210Z"}
{"level":"\u001b[32minfo\u001b[39m","message":"{\"method\":\"GET\",\"url\":\"/api/v1/transactions/get-user-by-username/users/Abelkelly\",\"status\":\"500\",\"responseTime\":\"7.643\"}","timestamp":"2024-10-20T10:45:23.864Z"}
{"level":"\u001b[32minfo\u001b[39m","message":"{\"method\":\"GET\",\"url\":\"/api/v1/transactions/get-user-by-username/users/Abelkelly\",\"status\":\"500\",\"responseTime\":\"7.734\"}","timestamp":"2024-10-20T10:45:46.972Z"}
{"level":"\u001b[32minfo\u001b[39m","message":"{\"method\":\"GET\",\"url\":\"/api/v1/transactions/get-user-by-username/users/Abelkelly\",\"status\":\"500\",\"responseTime\":\"8.252\"}","timestamp":"2024-10-20T10:46:01.627Z"}
{"level":"\u001b[32minfo\u001b[39m","message":"{\"method\":\"GET\",\"url\":\"/api/v1/transactions/get-user-by-username/users/Abelkelly\",\"status\":\"200\",\"responseTime\":\"42.056\"}","timestamp":"2024-10-20T10:46:47.763Z"}
{"level":"\u001b[32minfo\u001b[39m","message":"{\"method\":\"POST\",\"url\":\"/api/v1/onboarding/login\",\"status\":\"200\",\"responseTime\":\"129.563\"}","timestamp":"2024-10-20T10:50:26.916Z"}
{"level":"\u001b[32minfo\u001b[39m","message":"{\"method\":\"POST\",\"url\":\"/api/v1/onboarding/login\",\"status\":\"200\",\"responseTime\":\"116.318\"}","timestamp":"2024-10-20T10:51:36.331Z"}
{"level":"\u001b[32minfo\u001b[39m","message":"{\"method\":\"POST\",\"url\":\"/api/v1/onboarding/login\",\"status\":\"200\",\"responseTime\":\"192.299\"}","timestamp":"2024-10-20T10:52:24.609Z"}
{"level":"\u001b[32minfo\u001b[39m","message":"{\"method\":\"POST\",\"url\":\"/api/v1/onboarding/login\",\"status\":\"200\",\"responseTime\":\"113.181\"}","timestamp":"2024-10-20T10:52:42.819Z"}
{"level":"\u001b[32minfo\u001b[39m","message":"{\"method\":\"POST\",\"url\":\"/api/v1/onboarding/login\",\"status\":\"200\",\"responseTime\":\"120.659\"}","timestamp":"2024-10-20T10:53:48.151Z"}
{"level":"\u001b[32minfo\u001b[39m","message":"{\"method\":\"GET\",\"url\":\"/api/v1/transactions/users/1\",\"status\":\"500\",\"responseTime\":\"2.426\"}","timestamp":"2024-10-20T11:01:33.413Z"}
{"level":"\u001b[32minfo\u001b[39m","message":"{\"method\":\"GET\",\"url\":\"/api/v1/transactions/users/1\",\"status\":\"500\",\"responseTime\":\"2.219\"}","timestamp":"2024-10-20T11:05:55.073Z"}
{"level":"\u001b[32minfo\u001b[39m","message":"{\"method\":\"GET\",\"url\":\"/api/v1/transactions/users/1\",\"status\":\"401\",\"responseTime\":\"1.317\"}","timestamp":"2024-10-20T11:09:13.791Z"}
{"level":"\u001b[32minfo\u001b[39m","message":"{\"method\":\"GET\",\"url\":\"/api/v1/transactions/users/1\",\"status\":\"401\",\"responseTime\":\"2.941\"}","timestamp":"2024-10-20T11:09:25.974Z"}
{"level":"\u001b[32minfo\u001b[39m","message":"{\"method\":\"GET\",\"url\":\"/api/v1/transactions/users/1\",\"status\":\"401\",\"responseTime\":\"4.185\"}","timestamp":"2024-10-20T11:10:37.819Z"}
{"level":"\u001b[32minfo\u001b[39m","message":"{\"method\":\"GET\",\"url\":\"/api/v1/transactions/users/1\",\"status\":\"401\",\"responseTime\":\"3.844\"}","timestamp":"2024-10-20T11:11:20.586Z"}
{"level":"\u001b[32minfo\u001b[39m","message":"{\"method\":\"POST\",\"url\":\"/api/v1/onboarding/login\",\"status\":\"200\",\"responseTime\":\"135.548\"}","timestamp":"2024-10-20T11:11:42.055Z"}
{"level":"\u001b[32minfo\u001b[39m","message":"{\"method\":\"POST\",\"url\":\"/api/v1/onboarding/login\",\"status\":\"200\",\"responseTime\":\"116.189\"}","timestamp":"2024-10-20T11:16:56.752Z"}
{"level":"\u001b[32minfo\u001b[39m","message":"{\"method\":\"POST\",\"url\":\"/api/v1/onboarding/login\",\"status\":\"200\",\"responseTime\":\"115.597\"}","timestamp":"2024-10-20T11:19:10.597Z"}
{"level":"\u001b[32minfo\u001b[39m","message":"{\"method\":\"POST\",\"url\":\"/api/v1/onboarding/login\",\"status\":\"200\",\"responseTime\":\"119.228\"}","timestamp":"2024-10-20T11:20:14.775Z"}
{"level":"\u001b[32minfo\u001b[39m","message":"{\"method\":\"GET\",\"url\":\"/api/v1/transactions/users/1\",\"status\":\"200\",\"responseTime\":\"13.822\"}","timestamp":"2024-10-20T11:20:23.326Z"}
{"level":"\u001b[32minfo\u001b[39m","message":"{\"method\":\"GET\",\"url\":\"/api/v1/transactions/get-user-by-username/users/Abelkelly\",\"status\":\"200\",\"responseTime\":\"3.327\"}","timestamp":"2024-10-20T11:20:33.539Z"}
{"level":"\u001b[32minfo\u001b[39m","message":"{\"method\":\"GET\",\"url\":\"/api/v1/transactions/get-user-by-username/users/Abelkelly\",\"status\":\"401\",\"responseTime\":\"1.225\"}","timestamp":"2024-10-20T11:20:55.717Z"}
{"level":"\u001b[32minfo\u001b[39m","message":"{\"method\":\"GET\",\"url\":\"/api/v1/transactions/get-user-by-username/users/Abelkelly\",\"status\":\"200\",\"responseTime\":\"43.104\"}","timestamp":"2024-10-20T11:21:07.730Z"}
{"level":"\u001b[32minfo\u001b[39m","message":"{\"method\":\"POST\",\"url\":\"/api/v1/transactions/transfers\",\"status\":\"501\",\"responseTime\":\"13.474\"}","timestamp":"2024-10-20T11:22:12.600Z"}
{"level":"\u001b[32minfo\u001b[39m","message":"{\"method\":\"POST\",\"url\":\"/api/v1/onboarding/users\",\"status\":\"200\",\"responseTime\":\"142.679\"}","timestamp":"2024-10-20T19:08:37.217Z"}
{"level":"\u001b[32minfo\u001b[39m","message":"{\"method\":\"POST\",\"url\":\"/api/v1/onboarding/users\",\"status\":\"500\",\"responseTime\":\"39.286\"}","timestamp":"2024-10-20T19:11:46.009Z"}
{"level":"\u001b[32minfo\u001b[39m","message":"{\"method\":\"POST\",\"url\":\"/api/v1/onboarding/users\",\"status\":\"200\",\"responseTime\":\"96.650\"}","timestamp":"2024-10-20T19:11:53.170Z"}
{"level":"\u001b[32minfo\u001b[39m","message":"{\"method\":\"POST\",\"url\":\"/api/v1/onboarding/verify-phone\",\"status\":\"200\",\"responseTime\":\"16.879\"}","timestamp":"2024-10-20T19:12:08.237Z"}
{"level":"\u001b[32minfo\u001b[39m","message":"{\"method\":\"POST\",\"url\":\"/api/v1/onboarding/verify-email\",\"status\":\"502\",\"responseTime\":\"13.441\"}","timestamp":"2024-10-20T19:12:29.864Z"}
{"level":"\u001b[32minfo\u001b[39m","message":"{\"method\":\"POST\",\"url\":\"/api/v1/onboarding/verify-email\",\"status\":\"200\",\"responseTime\":\"5.114\"}","timestamp":"2024-10-20T19:12:35.827Z"}
{"level":"\u001b[32minfo\u001b[39m","message":"{\"method\":\"POST\",\"url\":\"/api/v1/transactions/transfers\",\"status\":\"401\",\"responseTime\":\"3.544\"}","timestamp":"2024-10-20T19:13:03.710Z"}
{"level":"\u001b[32minfo\u001b[39m","message":"{\"method\":\"POST\",\"url\":\"/api/v1/onboarding/login\",\"status\":\"200\",\"responseTime\":\"79.228\"}","timestamp":"2024-10-20T19:13:07.549Z"}
{"level":"\u001b[32minfo\u001b[39m","message":"{\"method\":\"POST\",\"url\":\"/api/v1/transactions/transfers\",\"status\":\"200\",\"responseTime\":\"21.101\"}","timestamp":"2024-10-20T19:13:19.088Z"}
{"level":"\u001b[32minfo\u001b[39m","message":"{\"method\":\"GET\",\"url\":\"/admin/queues\",\"status\":\"200\",\"responseTime\":\"9.954\"}","timestamp":"2024-10-20T19:15:02.008Z"}
{"level":"\u001b[32minfo\u001b[39m","message":"{\"method\":\"GET\",\"url\":\"/admin/queues/static/main.2fb0e652282526b8dad0.css\",\"status\":\"200\",\"responseTime\":\"2.833\"}","timestamp":"2024-10-20T19:15:02.297Z"}
{"level":"\u001b[32minfo\u001b[39m","message":"{\"method\":\"GET\",\"url\":\"/admin/queues/static/vendor.1c0f4395c6611ecd8da9.js\",\"status\":\"200\",\"responseTime\":\"5.744\"}","timestamp":"2024-10-20T19:15:02.308Z"}
{"level":"\u001b[32minfo\u001b[39m","message":"{\"method\":\"GET\",\"url\":\"/admin/queues/static/main.338ec93c23aff9ce3ece.js\",\"status\":\"200\",\"responseTime\":\"1.678\"}","timestamp":"2024-10-20T19:15:02.442Z"}
{"level":"\u001b[32minfo\u001b[39m","message":"{\"method\":\"GET\",\"url\":\"/admin/queues/api/queues/\",\"status\":\"200\",\"responseTime\":\"8.862\"}","timestamp":"2024-10-20T19:15:02.844Z"}
{"level":"\u001b[32minfo\u001b[39m","message":"{\"method\":\"GET\",\"url\":\"/admin/queues/api/queues/?initialize_payment=latest\",\"status\":\"200\",\"responseTime\":\"4.748\"}","timestamp":"2024-10-20T19:15:02.908Z"}
{"level":"\u001b[32minfo\u001b[39m","message":"{\"method\":\"GET\",\"url\":\"/favicon.ico\",\"status\":\"200\",\"responseTime\":\"0.558\"}","timestamp":"2024-10-20T19:15:03.626Z"}
{"level":"\u001b[32minfo\u001b[39m","message":"{\"method\":\"GET\",\"url\":\"/favicon.ico\",\"status\":\"304\",\"responseTime\":\"0.444\"}","timestamp":"2024-10-20T19:15:05.484Z"}
{"level":"\u001b[32minfo\u001b[39m","message":"{\"method\":\"GET\",\"url\":\"/admin/queues/api/queues/?initialize_payment=latest&process_payment=latest\",\"status\":\"200\",\"responseTime\":\"8.319\"}","timestamp":"2024-10-20T19:15:05.489Z"}
{"level":"\u001b[32minfo\u001b[39m","message":"{\"method\":\"GET\",\"url\":\"/favicon.ico\",\"status\":\"304\",\"responseTime\":\"0.593\"}","timestamp":"2024-10-20T19:15:06.878Z"}
{"level":"\u001b[32minfo\u001b[39m","message":"{\"method\":\"GET\",\"url\":\"/admin/queues/api/queues/?initialize_payment=latest&process_payment=completed\",\"status\":\"200\",\"responseTime\":\"5.656\"}","timestamp":"2024-10-20T19:15:06.880Z"}
{"level":"\u001b[32minfo\u001b[39m","message":"{\"method\":\"GET\",\"url\":\"/admin/queues/api/queues/?initialize_payment=latest&process_payment=completed\",\"status\":\"200\",\"responseTime\":\"3.391\"}","timestamp":"2024-10-20T19:15:11.876Z"}
{"level":"\u001b[32minfo\u001b[39m","message":"{\"method\":\"GET\",\"url\":\"/admin/queues/api/queues/?initialize_payment=latest&process_payment=completed\",\"status\":\"304\",\"responseTime\":\"4.799\"}","timestamp":"2024-10-20T19:15:16.876Z"}
{"level":"\u001b[32minfo\u001b[39m","message":"{\"method\":\"GET\",\"url\":\"/admin/queues/api/queues/?initialize_payment=latest&process_payment=completed\",\"status\":\"200\",\"responseTime\":\"2.041\"}","timestamp":"2024-10-20T19:15:21.868Z"}
{"level":"\u001b[32minfo\u001b[39m","message":"{\"method\":\"GET\",\"url\":\"/admin/queues/api/queues/?initialize_payment=latest&process_payment=completed\",\"status\":\"304\",\"responseTime\":\"3.271\"}","timestamp":"2024-10-20T19:15:26.873Z"}
{"level":"\u001b[32minfo\u001b[39m","message":"{\"method\":\"GET\",\"url\":\"/admin/queues/api/queues/?initialize_payment=latest&process_payment=completed\",\"status\":\"200\",\"responseTime\":\"2.556\"}","timestamp":"2024-10-20T19:15:31.873Z"}
{"level":"\u001b[32minfo\u001b[39m","message":"{\"method\":\"GET\",\"url\":\"/admin/queues/api/queues/?initialize_payment=latest&process_payment=completed\",\"status\":\"304\",\"responseTime\":\"2.545\"}","timestamp":"2024-10-20T19:15:36.872Z"}
{"level":"\u001b[32minfo\u001b[39m","message":"{\"method\":\"GET\",\"url\":\"/admin/queues/api/queues/?initialize_payment=latest&process_payment=completed\",\"status\":\"200\",\"responseTime\":\"2.967\"}","timestamp":"2024-10-20T19:15:41.876Z"}
{"level":"\u001b[32minfo\u001b[39m","message":"{\"method\":\"GET\",\"url\":\"/admin/queues/api/queues/?initialize_payment=latest&process_payment=completed\",\"status\":\"200\",\"responseTime\":\"10.940\"}","timestamp":"2024-10-20T19:16:01.893Z"}
{"level":"\u001b[32minfo\u001b[39m","message":"{\"method\":\"GET\",\"url\":\"/admin/queues/api/queues/?initialize_payment=latest&process_payment=completed\",\"status\":\"200\",\"responseTime\":\"3.594\"}","timestamp":"2024-10-20T19:16:06.873Z"}
{"level":"\u001b[32minfo\u001b[39m","message":"{\"method\":\"GET\",\"url\":\"/admin/queues/api/queues/?initialize_payment=latest&process_payment=completed\",\"status\":\"200\",\"responseTime\":\"3.221\"}","timestamp":"2024-10-20T19:16:11.875Z"}
{"level":"\u001b[32minfo\u001b[39m","message":"{\"method\":\"POST\",\"url\":\"/api/v1/transactions/transfers\",\"status\":\"200\",\"responseTime\":\"45.755\"}","timestamp":"2024-10-20T19:16:16.115Z"}
{"level":"\u001b[32minfo\u001b[39m","message":"{\"method\":\"GET\",\"url\":\"/admin/queues/api/queues/?initialize_payment=latest&process_payment=completed\",\"status\":\"200\",\"responseTime\":\"4.621\"}","timestamp":"2024-10-20T19:16:17.552Z"}
{"level":"\u001b[32minfo\u001b[39m","message":"{\"method\":\"GET\",\"url\":\"/admin/queues/api/queues/?initialize_payment=latest&process_payment=completed\",\"status\":\"200\",\"responseTime\":\"3.807\"}","timestamp":"2024-10-20T19:16:21.876Z"}
{"level":"\u001b[32minfo\u001b[39m","message":"{\"method\":\"GET\",\"url\":\"/favicon.ico\",\"status\":\"304\",\"responseTime\":\"1.717\"}","timestamp":"2024-10-20T19:16:23.581Z"}
{"level":"\u001b[32minfo\u001b[39m","message":"{\"method\":\"GET\",\"url\":\"/admin/queues/api/queues/?initialize_payment=latest&process_payment=completed\",\"status\":\"200\",\"responseTime\":\"10.731\"}","timestamp":"2024-10-20T19:16:23.587Z"}
{"level":"\u001b[32minfo\u001b[39m","message":"{\"method\":\"GET\",\"url\":\"/admin/queues/api/queues/?initialize_payment=latest&process_payment=completed\",\"status\":\"200\",\"responseTime\":\"11.686\"}","timestamp":"2024-10-20T19:16:28.592Z"}
{"level":"\u001b[32minfo\u001b[39m","message":"{\"method\":\"GET\",\"url\":\"/admin/queues/api/queues/?initialize_payment=latest&process_payment=completed\",\"status\":\"200\",\"responseTime\":\"4.778\"}","timestamp":"2024-10-20T19:16:33.662Z"}
{"level":"\u001b[32minfo\u001b[39m","message":"{\"method\":\"GET\",\"url\":\"/admin/queues/api/queues/?initialize_payment=latest&process_payment=completed\",\"status\":\"304\",\"responseTime\":\"3.722\"}","timestamp":"2024-10-20T19:16:38.568Z"}
{"level":"\u001b[32minfo\u001b[39m","message":"{\"method\":\"GET\",\"url\":\"/admin/queues/api/queues/?initialize_payment=latest&process_payment=completed\",\"status\":\"200\",\"responseTime\":\"9.711\"}","timestamp":"2024-10-20T19:16:43.591Z"}
{"level":"\u001b[32minfo\u001b[39m","message":"{\"method\":\"GET\",\"url\":\"/admin/queues/api/queues/?initialize_payment=latest&process_payment=completed\",\"status\":\"200\",\"responseTime\":\"4.326\"}","timestamp":"2024-10-20T19:16:48.574Z"}
{"level":"\u001b[32minfo\u001b[39m","message":"{\"method\":\"GET\",\"url\":\"/admin/queues/api/queues/?initialize_payment=latest&process_payment=completed\",\"status\":\"304\",\"responseTime\":\"5.052\"}","timestamp":"2024-10-20T19:16:53.576Z"}
{"level":"\u001b[32minfo\u001b[39m","message":"{\"method\":\"GET\",\"url\":\"/admin/queues/api/queues/?initialize_payment=latest&process_payment=completed\",\"status\":\"304\",\"responseTime\":\"3.358\"}","timestamp":"2024-10-20T19:16:58.574Z"}
{"level":"\u001b[32minfo\u001b[39m","message":"{\"method\":\"GET\",\"url\":\"/admin/queues/api/queues/?initialize_payment=latest&process_payment=completed\",\"status\":\"200\",\"responseTime\":\"3.191\"}","timestamp":"2024-10-20T19:17:03.569Z"}
{"level":"\u001b[32minfo\u001b[39m","message":"{\"method\":\"GET\",\"url\":\"/favicon.ico\",\"status\":\"304\",\"responseTime\":\"0.624\"}","timestamp":"2024-10-20T19:17:05.938Z"}
{"level":"\u001b[32minfo\u001b[39m","message":"{\"method\":\"GET\",\"url\":\"/admin/queues/api/queues/?initialize_payment=latest&process_payment=completed\",\"status\":\"200\",\"responseTime\":\"6.538\"}","timestamp":"2024-10-20T19:17:05.939Z"}
{"level":"\u001b[32minfo\u001b[39m","message":"{\"method\":\"GET\",\"url\":\"/favicon.ico\",\"status\":\"304\",\"responseTime\":\"0.461\"}","timestamp":"2024-10-20T19:17:08.494Z"}
{"level":"\u001b[32minfo\u001b[39m","message":"{\"method\":\"GET\",\"url\":\"/admin/queues/api/queues/?initialize_payment=latest&process_payment=completed\",\"status\":\"200\",\"responseTime\":\"3.878\"}","timestamp":"2024-10-20T19:17:08.500Z"}
{"level":"\u001b[32minfo\u001b[39m","message":"{\"method\":\"GET\",\"url\":\"/admin/queues/api/queues/?initialize_payment=latest&process_payment=completed\",\"status\":\"200\",\"responseTime\":\"2.798\"}","timestamp":"2024-10-20T19:17:13.495Z"}
{"level":"\u001b[32minfo\u001b[39m","message":"{\"method\":\"GET\",\"url\":\"/admin/queues/api/queues/?initialize_payment=latest&process_payment=completed\",\"status\":\"200\",\"responseTime\":\"2.700\"}","timestamp":"2024-10-20T19:17:18.492Z"}
{"level":"\u001b[32minfo\u001b[39m","message":"{\"method\":\"GET\",\"url\":\"/admin/queues/api/queues/?initialize_payment=latest&process_payment=completed\",\"status\":\"304\",\"responseTime\":\"3.421\"}","timestamp":"2024-10-20T19:17:23.495Z"}
{"level":"\u001b[32minfo\u001b[39m","message":"{\"method\":\"GET\",\"url\":\"/admin/queues/api/queues/?initialize_payment=latest&process_payment=completed\",\"status\":\"304\",\"responseTime\":\"3.388\"}","timestamp":"2024-10-20T19:17:28.498Z"}
{"level":"\u001b[32minfo\u001b[39m","message":"{\"method\":\"GET\",\"url\":\"/admin/queues/api/queues/?initialize_payment=latest&process_payment=completed\",\"status\":\"304\",\"responseTime\":\"4.450\"}","timestamp":"2024-10-20T19:17:33.499Z"}
{"level":"\u001b[32minfo\u001b[39m","message":"{\"method\":\"GET\",\"url\":\"/admin/queues/api/queues/?initialize_payment=latest&process_payment=completed\",\"status\":\"200\",\"responseTime\":\"5.482\"}","timestamp":"2024-10-20T19:17:38.500Z"}
{"level":"\u001b[32minfo\u001b[39m","message":"{\"method\":\"GET\",\"url\":\"/admin/queues/api/queues/?initialize_payment=latest&process_payment=completed\",\"status\":\"200\",\"responseTime\":\"2.797\"}","timestamp":"2024-10-20T19:17:43.495Z"}
{"level":"\u001b[32minfo\u001b[39m","message":"{\"method\":\"GET\",\"url\":\"/admin/queues/api/queues/?initialize_payment=latest&process_payment=completed\",\"status\":\"200\",\"responseTime\":\"4.099\"}","timestamp":"2024-10-20T19:17:48.497Z"}
{"level":"\u001b[32minfo\u001b[39m","message":"{\"method\":\"GET\",\"url\":\"/admin/queues/api/queues/?initialize_payment=latest&process_payment=completed\",\"status\":\"200\",\"responseTime\":\"3.059\"}","timestamp":"2024-10-20T19:17:53.499Z"}
{"level":"\u001b[32minfo\u001b[39m","message":"{\"method\":\"GET\",\"url\":\"/admin/queues/api/queues/?initialize_payment=latest&process_payment=completed\",\"status\":\"304\",\"responseTime\":\"2.905\"}","timestamp":"2024-10-20T19:17:58.495Z"}
{"level":"\u001b[32minfo\u001b[39m","message":"{\"method\":\"GET\",\"url\":\"/admin/queues/api/queues/?initialize_payment=latest&process_payment=completed\",\"status\":\"200\",\"responseTime\":\"2.233\"}","timestamp":"2024-10-20T19:18:03.491Z"}
{"level":"\u001b[32minfo\u001b[39m","message":"{\"method\":\"GET\",\"url\":\"/admin/queues/api/queues/?initialize_payment=latest&process_payment=completed\",\"status\":\"200\",\"responseTime\":\"2.536\"}","timestamp":"2024-10-20T19:18:08.492Z"}
{"level":"\u001b[32minfo\u001b[39m","message":"{\"method\":\"GET\",\"url\":\"/admin/queues/api/queues/?initialize_payment=latest&process_payment=completed\",\"status\":\"200\",\"responseTime\":\"4.544\"}","timestamp":"2024-10-20T19:18:13.500Z"}
{"level":"\u001b[32minfo\u001b[39m","message":"{\"method\":\"GET\",\"url\":\"/admin/queues/api/queues/?initialize_payment=latest&process_payment=completed\",\"status\":\"200\",\"responseTime\":\"3.497\"}","timestamp":"2024-10-20T19:18:18.498Z"}
{"level":"\u001b[32minfo\u001b[39m","message":"{\"method\":\"GET\",\"url\":\"/admin/queues/api/queues/?initialize_payment=latest&process_payment=completed\",\"status\":\"304\",\"responseTime\":\"4.091\"}","timestamp":"2024-10-20T19:18:23.492Z"}
{"level":"\u001b[32minfo\u001b[39m","message":"{\"method\":\"GET\",\"url\":\"/admin/queues/api/queues/?initialize_payment=latest&process_payment=completed\",\"status\":\"304\",\"responseTime\":\"3.479\"}","timestamp":"2024-10-20T19:18:28.495Z"}
{"level":"\u001b[32minfo\u001b[39m","message":"{\"method\":\"GET\",\"url\":\"/admin/queues/api/queues/?initialize_payment=latest&process_payment=completed\",\"status\":\"304\",\"responseTime\":\"3.175\"}","timestamp":"2024-10-20T19:18:33.494Z"}
{"level":"\u001b[32minfo\u001b[39m","message":"{\"method\":\"GET\",\"url\":\"/admin/queues/api/queues/?initialize_payment=latest&process_payment=completed\",\"status\":\"304\",\"responseTime\":\"2.981\"}","timestamp":"2024-10-20T19:18:38.493Z"}
{"level":"\u001b[32minfo\u001b[39m","message":"{\"method\":\"GET\",\"url\":\"/admin/queues/api/queues/?initialize_payment=latest&process_payment=completed\",\"status\":\"304\",\"responseTime\":\"4.546\"}","timestamp":"2024-10-20T19:18:43.499Z"}
{"level":"\u001b[32minfo\u001b[39m","message":"{\"method\":\"GET\",\"url\":\"/admin/queues/api/queues/?initialize_payment=latest&process_payment=completed\",\"status\":\"200\",\"responseTime\":\"3.388\"}","timestamp":"2024-10-20T19:18:48.496Z"}
{"level":"\u001b[32minfo\u001b[39m","message":"{\"method\":\"GET\",\"url\":\"/admin/queues/api/queues/?initialize_payment=latest&process_payment=completed\",\"status\":\"304\",\"responseTime\":\"3.353\"}","timestamp":"2024-10-20T19:18:53.493Z"}
{"level":"\u001b[32minfo\u001b[39m","message":"{\"method\":\"GET\",\"url\":\"/admin/queues/api/queues/?initialize_payment=latest&process_payment=completed\",\"status\":\"304\",\"responseTime\":\"3.516\"}","timestamp":"2024-10-20T19:18:58.497Z"}
{"level":"\u001b[32minfo\u001b[39m","message":"{\"method\":\"POST\",\"url\":\"/api/v1/transactions/transfers\",\"status\":\"200\",\"responseTime\":\"47.249\"}","timestamp":"2024-10-20T19:19:01.013Z"}
{"level":"\u001b[32minfo\u001b[39m","message":"{\"method\":\"GET\",\"url\":\"/admin/queues/api/queues/?initialize_payment=latest&process_payment=completed\",\"status\":\"200\",\"responseTime\":\"4.791\"}","timestamp":"2024-10-20T19:19:03.495Z"}
{"level":"\u001b[32minfo\u001b[39m","message":"{\"method\":\"GET\",\"url\":\"/favicon.ico\",\"status\":\"304\",\"responseTime\":\"0.202\"}","timestamp":"2024-10-20T19:19:05.379Z"}
{"level":"\u001b[32minfo\u001b[39m","message":"{\"method\":\"GET\",\"url\":\"/admin/queues/api/queues/?initialize_payment=latest&process_payment=completed\",\"status\":\"200\",\"responseTime\":\"6.849\"}","timestamp":"2024-10-20T19:19:05.381Z"}
{"level":"\u001b[32minfo\u001b[39m","message":"{\"method\":\"GET\",\"url\":\"/favicon.ico\",\"status\":\"304\",\"responseTime\":\"0.485\"}","timestamp":"2024-10-20T19:19:07.135Z"}
{"level":"\u001b[32minfo\u001b[39m","message":"{\"method\":\"GET\",\"url\":\"/admin/queues/api/queues/?initialize_payment=latest&process_payment=failed\",\"status\":\"200\",\"responseTime\":\"5.332\"}","timestamp":"2024-10-20T19:19:07.138Z"}
{"level":"\u001b[32minfo\u001b[39m","message":"{\"method\":\"GET\",\"url\":\"/admin/queues/api/queues/?initialize_payment=latest&process_payment=failed\",\"status\":\"200\",\"responseTime\":\"4.761\"}","timestamp":"2024-10-20T19:19:12.132Z"}
{"level":"\u001b[32minfo\u001b[39m","message":"{\"method\":\"GET\",\"url\":\"/admin/queues/api/queues/?initialize_payment=latest&process_payment=failed\",\"status\":\"200\",\"responseTime\":\"3.720\"}","timestamp":"2024-10-20T19:19:17.131Z"}
{"level":"\u001b[32minfo\u001b[39m","message":"{\"method\":\"GET\",\"url\":\"/admin/queues/api/queues/?initialize_payment=latest&process_payment=failed\",\"status\":\"304\",\"responseTime\":\"5.179\"}","timestamp":"2024-10-20T19:19:22.130Z"}
{"level":"\u001b[32minfo\u001b[39m","message":"{\"method\":\"GET\",\"url\":\"/admin/queues/api/queues/?initialize_payment=latest&process_payment=failed\",\"status\":\"304\",\"responseTime\":\"4.195\"}","timestamp":"2024-10-20T19:19:27.127Z"}
{"level":"\u001b[32minfo\u001b[39m","message":"{\"method\":\"GET\",\"url\":\"/admin/queues/api/queues/?initialize_payment=latest&process_payment=failed\",\"status\":\"304\",\"responseTime\":\"4.447\"}","timestamp":"2024-10-20T19:19:32.128Z"}
{"level":"\u001b[32minfo\u001b[39m","message":"{\"method\":\"GET\",\"url\":\"/admin/queues/api/queues/?initialize_payment=latest&process_payment=failed\",\"status\":\"304\",\"responseTime\":\"3.319\"}","timestamp":"2024-10-20T19:19:37.127Z"}
{"level":"\u001b[32minfo\u001b[39m","message":"{\"method\":\"GET\",\"url\":\"/admin/queues/api/queues/?initialize_payment=latest&process_payment=failed\",\"status\":\"200\",\"responseTime\":\"3.408\"}","timestamp":"2024-10-20T19:19:42.128Z"}
{"level":"\u001b[32minfo\u001b[39m","message":"{\"method\":\"GET\",\"url\":\"/admin/queues/api/queues/?initialize_payment=latest&process_payment=failed\",\"status\":\"200\",\"responseTime\":\"5.063\"}","timestamp":"2024-10-20T19:19:47.132Z"}
{"level":"\u001b[32minfo\u001b[39m","message":"{\"method\":\"GET\",\"url\":\"/admin/queues/api/queues/?initialize_payment=latest&process_payment=failed\",\"status\":\"304\",\"responseTime\":\"4.066\"}","timestamp":"2024-10-20T19:19:52.131Z"}
{"level":"\u001b[32minfo\u001b[39m","message":"{\"method\":\"GET\",\"url\":\"/admin/queues/api/queues/?initialize_payment=latest&process_payment=failed\",\"status\":\"304\",\"responseTime\":\"4.101\"}","timestamp":"2024-10-20T19:19:57.128Z"}
{"level":"\u001b[32minfo\u001b[39m","message":"{\"method\":\"GET\",\"url\":\"/admin/queues/api/queues/?initialize_payment=latest&process_payment=failed\",\"status\":\"304\",\"responseTime\":\"3.042\"}","timestamp":"2024-10-20T19:20:02.125Z"}
{"level":"\u001b[32minfo\u001b[39m","message":"{\"method\":\"GET\",\"url\":\"/admin/queues/api/queues/?initialize_payment=latest&process_payment=failed\",\"status\":\"304\",\"responseTime\":\"4.935\"}","timestamp":"2024-10-20T19:20:07.132Z"}
{"level":"\u001b[32minfo\u001b[39m","message":"{\"method\":\"GET\",\"url\":\"/admin/queues/api/queues/?initialize_payment=latest&process_payment=failed\",\"status\":\"304\",\"responseTime\":\"3.857\"}","timestamp":"2024-10-20T19:20:12.128Z"}
{"level":"\u001b[32minfo\u001b[39m","message":"{\"method\":\"GET\",\"url\":\"/admin/queues/api/queues/?initialize_payment=latest&process_payment=failed\",\"status\":\"200\",\"responseTime\":\"10.069\"}","timestamp":"2024-10-20T19:20:22.143Z"}
{"level":"\u001b[32minfo\u001b[39m","message":"{\"method\":\"GET\",\"url\":\"/admin/queues/api/queues/?initialize_payment=latest&process_payment=failed\",\"status\":\"200\",\"responseTime\":\"5.483\"}","timestamp":"2024-10-20T19:20:27.135Z"}
{"level":"\u001b[32minfo\u001b[39m","message":"{\"method\":\"GET\",\"url\":\"/admin/queues/api/queues/?initialize_payment=latest&process_payment=failed\",\"status\":\"304\",\"responseTime\":\"7.355\"}","timestamp":"2024-10-20T19:20:32.132Z"}
{"level":"\u001b[32minfo\u001b[39m","message":"{\"method\":\"GET\",\"url\":\"/admin/queues/api/queues/?initialize_payment=latest&process_payment=failed\",\"status\":\"304\",\"responseTime\":\"24.795\"}","timestamp":"2024-10-20T19:20:37.173Z"}
{"level":"\u001b[32minfo\u001b[39m","message":"{\"method\":\"GET\",\"url\":\"/admin/queues/api/queues/?initialize_payment=latest&process_payment=failed\",\"status\":\"200\",\"responseTime\":\"4.652\"}","timestamp":"2024-10-20T19:20:42.135Z"}
{"level":"\u001b[32minfo\u001b[39m","message":"{\"method\":\"GET\",\"url\":\"/admin/queues/api/queues/?initialize_payment=latest&process_payment=failed\",\"status\":\"304\",\"responseTime\":\"3.739\"}","timestamp":"2024-10-20T19:20:47.128Z"}
{"level":"\u001b[32minfo\u001b[39m","message":"{\"method\":\"GET\",\"url\":\"/admin/queues/api/queues/?initialize_payment=latest&process_payment=failed\",\"status\":\"200\",\"responseTime\":\"4.597\"}","timestamp":"2024-10-20T19:20:52.134Z"}
{"level":"\u001b[32minfo\u001b[39m","message":"{\"method\":\"GET\",\"url\":\"/admin/queues/api/queues/?initialize_payment=latest&process_payment=failed\",\"status\":\"304\",\"responseTime\":\"3.360\"}","timestamp":"2024-10-20T19:20:57.127Z"}
{"level":"\u001b[32minfo\u001b[39m","message":"{\"method\":\"GET\",\"url\":\"/admin/queues/api/queues/?initialize_payment=latest&process_payment=failed\",\"status\":\"200\",\"responseTime\":\"10.598\"}","timestamp":"2024-10-20T19:21:02.153Z"}
{"level":"\u001b[32minfo\u001b[39m","message":"{\"method\":\"POST\",\"url\":\"/api/v1/transactions/transfers\",\"status\":\"200\",\"responseTime\":\"44.718\"}","timestamp":"2024-10-20T19:21:03.802Z"}
{"level":"\u001b[32minfo\u001b[39m","message":"{\"method\":\"GET\",\"url\":\"/admin/queues/api/queues/?initialize_payment=latest&process_payment=failed\",\"status\":\"200\",\"responseTime\":\"4.919\"}","timestamp":"2024-10-20T19:21:07.131Z"}
{"level":"\u001b[32minfo\u001b[39m","message":"{\"method\":\"GET\",\"url\":\"/admin/queues/api/queues/?initialize_payment=latest&process_payment=failed\",\"status\":\"200\",\"responseTime\":\"5.343\"}","timestamp":"2024-10-20T19:21:12.132Z"}
{"level":"\u001b[32minfo\u001b[39m","message":"{\"method\":\"GET\",\"url\":\"/admin/queues/api/queues/?initialize_payment=latest&process_payment=failed\",\"status\":\"200\",\"responseTime\":\"4.402\"}","timestamp":"2024-10-20T19:21:17.132Z"}
{"level":"\u001b[32minfo\u001b[39m","message":"{\"method\":\"GET\",\"url\":\"/admin/queues/api/queues/process_payment/2/logs\",\"status\":\"200\",\"responseTime\":\"2.612\"}","timestamp":"2024-10-20T19:21:19.989Z"}
{"level":"\u001b[32minfo\u001b[39m","message":"{\"method\":\"GET\",\"url\":\"/admin/queues/api/queues/?initialize_payment=latest&process_payment=failed\",\"status\":\"200\",\"responseTime\":\"3.879\"}","timestamp":"2024-10-20T19:21:22.129Z"}
{"level":"\u001b[32minfo\u001b[39m","message":"{\"method\":\"GET\",\"url\":\"/admin/queues/api/queues/?initialize_payment=latest&process_payment=failed\",\"status\":\"200\",\"responseTime\":\"8.681\"}","timestamp":"2024-10-20T19:21:27.145Z"}
{"level":"\u001b[32minfo\u001b[39m","message":"{\"method\":\"GET\",\"url\":\"/admin/queues/api/queues/?initialize_payment=latest&process_payment=failed\",\"status\":\"200\",\"responseTime\":\"2.749\"}","timestamp":"2024-10-20T19:21:32.129Z"}
{"level":"\u001b[32minfo\u001b[39m","message":"{\"method\":\"GET\",\"url\":\"/admin/queues/api/queues/?initialize_payment=latest&process_payment=failed\",\"status\":\"200\",\"responseTime\":\"3.251\"}","timestamp":"2024-10-20T19:21:37.131Z"}
{"level":"\u001b[32minfo\u001b[39m","message":"{\"method\":\"GET\",\"url\":\"/admin/queues/api/queues/?initialize_payment=latest&process_payment=failed\",\"status\":\"200\",\"responseTime\":\"3.800\"}","timestamp":"2024-10-20T19:21:42.128Z"}
{"level":"\u001b[32minfo\u001b[39m","message":"{\"method\":\"GET\",\"url\":\"/admin/queues/api/queues/?initialize_payment=latest&process_payment=failed\",\"status\":\"304\",\"responseTime\":\"3.364\"}","timestamp":"2024-10-20T19:21:47.129Z"}
{"level":"\u001b[32minfo\u001b[39m","message":"{\"method\":\"GET\",\"url\":\"/admin/queues/api/queues/?initialize_payment=latest&process_payment=failed\",\"status\":\"200\",\"responseTime\":\"6.009\"}","timestamp":"2024-10-20T19:21:52.133Z"}
{"level":"\u001b[32minfo\u001b[39m","message":"{\"method\":\"GET\",\"url\":\"/admin/queues/api/queues/?initialize_payment=latest&process_payment=failed\",\"status\":\"200\",\"responseTime\":\"2.967\"}","timestamp":"2024-10-20T19:21:57.129Z"}
{"level":"\u001b[32minfo\u001b[39m","message":"{\"method\":\"GET\",\"url\":\"/admin/queues/api/queues/?initialize_payment=latest&process_payment=failed\",\"status\":\"200\",\"responseTime\":\"3.716\"}","timestamp":"2024-10-20T19:22:02.128Z"}
{"level":"\u001b[32minfo\u001b[39m","message":"{\"method\":\"GET\",\"url\":\"/admin/queues/api/queues/?initialize_payment=latest&process_payment=failed\",\"status\":\"200\",\"responseTime\":\"3.887\"}","timestamp":"2024-10-20T19:22:07.129Z"}
{"level":"\u001b[32minfo\u001b[39m","message":"{\"method\":\"GET\",\"url\":\"/admin/queues/api/queues/?initialize_payment=latest&process_payment=failed\",\"status\":\"200\",\"responseTime\":\"3.587\"}","timestamp":"2024-10-20T19:22:12.127Z"}
{"level":"\u001b[32minfo\u001b[39m","message":"{\"method\":\"GET\",\"url\":\"/admin/queues/api/queues/?initialize_payment=latest&process_payment=failed\",\"status\":\"200\",\"responseTime\":\"3.199\"}","timestamp":"2024-10-20T19:22:17.130Z"}
{"level":"\u001b[32minfo\u001b[39m","message":"{\"method\":\"GET\",\"url\":\"/admin/queues/api/queues/?initialize_payment=latest&process_payment=failed\",\"status\":\"200\",\"responseTime\":\"4.659\"}","timestamp":"2024-10-20T19:22:22.128Z"}
{"level":"\u001b[32minfo\u001b[39m","message":"{\"method\":\"GET\",\"url\":\"/admin/queues/api/queues/?initialize_payment=latest&process_payment=failed\",\"status\":\"200\",\"responseTime\":\"2.657\"}","timestamp":"2024-10-20T19:22:27.120Z"}
{"level":"\u001b[32minfo\u001b[39m","message":"{\"method\":\"GET\",\"url\":\"/admin/queues/api/queues/?initialize_payment=latest&process_payment=failed\",\"status\":\"200\",\"responseTime\":\"4.337\"}","timestamp":"2024-10-20T19:22:32.112Z"}
{"level":"\u001b[32minfo\u001b[39m","message":"{\"method\":\"GET\",\"url\":\"/admin/queues/api/queues/?initialize_payment=latest&process_payment=failed\",\"status\":\"304\",\"responseTime\":\"2.623\"}","timestamp":"2024-10-20T19:22:37.100Z"}
{"level":"\u001b[32minfo\u001b[39m","message":"{\"method\":\"GET\",\"url\":\"/admin/queues/api/queues/?initialize_payment=latest&process_payment=failed\",\"status\":\"200\",\"responseTime\":\"2.697\"}","timestamp":"2024-10-20T19:22:42.115Z"}
{"level":"\u001b[32minfo\u001b[39m","message":"{\"method\":\"GET\",\"url\":\"/admin/queues/api/queues/?initialize_payment=latest&process_payment=failed\",\"status\":\"200\",\"responseTime\":\"4.287\"}","timestamp":"2024-10-20T19:22:47.095Z"}
{"level":"\u001b[32minfo\u001b[39m","message":"{\"method\":\"GET\",\"url\":\"/admin/queues/api/queues/?initialize_payment=latest&process_payment=failed\",\"status\":\"200\",\"responseTime\":\"17.265\"}","timestamp":"2024-10-20T19:22:52.139Z"}
{"level":"\u001b[32minfo\u001b[39m","message":"{\"method\":\"POST\",\"url\":\"/api/v1/transactions/transfers\",\"status\":\"200\",\"responseTime\":\"46.028\"}","timestamp":"2024-10-20T19:22:55.194Z"}
{"level":"\u001b[32minfo\u001b[39m","message":"{\"method\":\"GET\",\"url\":\"/admin/queues/api/queues/?initialize_payment=latest&process_payment=failed\",\"status\":\"200\",\"responseTime\":\"5.181\"}","timestamp":"2024-10-20T19:22:57.092Z"}
{"level":"\u001b[32minfo\u001b[39m","message":"{\"method\":\"GET\",\"url\":\"/favicon.ico\",\"status\":\"304\",\"responseTime\":\"0.642\"}","timestamp":"2024-10-20T19:22:59.559Z"}
{"level":"\u001b[32minfo\u001b[39m","message":"{\"method\":\"GET\",\"url\":\"/admin/queues/api/queues/?initialize_payment=latest&process_payment=completed\",\"status\":\"200\",\"responseTime\":\"11.004\"}","timestamp":"2024-10-20T19:22:59.568Z"}
{"level":"\u001b[32minfo\u001b[39m","message":"{\"method\":\"GET\",\"url\":\"/admin/queues/api/queues/?initialize_payment=latest&process_payment=completed\",\"status\":\"200\",\"responseTime\":\"4.845\"}","timestamp":"2024-10-20T19:23:04.543Z"}
{"level":"\u001b[32minfo\u001b[39m","message":"{\"method\":\"GET\",\"url\":\"/admin/queues/api/queues/?initialize_payment=latest&process_payment=completed\",\"status\":\"304\",\"responseTime\":\"3.573\"}","timestamp":"2024-10-20T19:23:09.542Z"}
{"level":"\u001b[32minfo\u001b[39m","message":"{\"method\":\"GET\",\"url\":\"/admin/queues/api/queues/?initialize_payment=latest&process_payment=completed\",\"status\":\"304\",\"responseTime\":\"3.075\"}","timestamp":"2024-10-20T19:23:14.537Z"}
{"level":"\u001b[32minfo\u001b[39m","message":"{\"method\":\"GET\",\"url\":\"/admin/queues/api/queues/?initialize_payment=latest&process_payment=completed\",\"status\":\"304\",\"responseTime\":\"3.698\"}","timestamp":"2024-10-20T19:23:19.543Z"}
{"level":"\u001b[32minfo\u001b[39m","message":"{\"method\":\"GET\",\"url\":\"/admin/queues/api/queues/?initialize_payment=latest&process_payment=completed\",\"status\":\"200\",\"responseTime\":\"3.836\"}","timestamp":"2024-10-20T19:23:24.543Z"}
{"level":"\u001b[32minfo\u001b[39m","message":"{\"method\":\"GET\",\"url\":\"/admin/queues/api/queues/?initialize_payment=latest&process_payment=completed\",\"status\":\"304\",\"responseTime\":\"3.810\"}","timestamp":"2024-10-20T19:23:29.541Z"}
{"level":"\u001b[32minfo\u001b[39m","message":"{\"method\":\"GET\",\"url\":\"/admin/queues/api/queues/?initialize_payment=latest&process_payment=completed\",\"status\":\"304\",\"responseTime\":\"3.597\"}","timestamp":"2024-10-20T19:23:34.536Z"}
{"level":"\u001b[32minfo\u001b[39m","message":"{\"method\":\"GET\",\"url\":\"/admin/queues/api/queues/?initialize_payment=latest&process_payment=completed\",\"status\":\"304\",\"responseTime\":\"3.914\"}","timestamp":"2024-10-20T19:23:39.541Z"}
{"level":"\u001b[32minfo\u001b[39m","message":"{\"method\":\"GET\",\"url\":\"/admin/queues/api/queues/?initialize_payment=latest&process_payment=completed\",\"status\":\"304\",\"responseTime\":\"5.286\"}","timestamp":"2024-10-20T19:23:44.544Z"}
{"level":"\u001b[32minfo\u001b[39m","message":"{\"method\":\"GET\",\"url\":\"/admin/queues/api/queues/?initialize_payment=latest&process_payment=completed\",\"status\":\"304\",\"responseTime\":\"3.816\"}","timestamp":"2024-10-20T19:23:49.542Z"}
{"level":"\u001b[32minfo\u001b[39m","message":"{\"method\":\"GET\",\"url\":\"/admin/queues/api/queues/?initialize_payment=latest&process_payment=completed\",\"status\":\"200\",\"responseTime\":\"4.703\"}","timestamp":"2024-10-20T19:23:54.540Z"}
{"level":"\u001b[32minfo\u001b[39m","message":"{\"method\":\"GET\",\"url\":\"/admin/queues/api/queues/?initialize_payment=latest&process_payment=completed\",\"status\":\"304\",\"responseTime\":\"3.929\"}","timestamp":"2024-10-20T19:23:59.541Z"}
{"level":"\u001b[32minfo\u001b[39m","message":"{\"method\":\"GET\",\"url\":\"/admin/queues/api/queues/?initialize_payment=latest&process_payment=completed\",\"status\":\"304\",\"responseTime\":\"4.021\"}","timestamp":"2024-10-20T19:24:04.541Z"}
{"level":"\u001b[32minfo\u001b[39m","message":"{\"method\":\"GET\",\"url\":\"/admin/queues/api/queues/?initialize_payment=latest&process_payment=completed\",\"status\":\"304\",\"responseTime\":\"4.102\"}","timestamp":"2024-10-20T19:24:09.543Z"}
{"level":"\u001b[32minfo\u001b[39m","message":"{\"method\":\"GET\",\"url\":\"/admin/queues/api/queues/?initialize_payment=latest&process_payment=completed\",\"status\":\"304\",\"responseTime\":\"4.222\"}","timestamp":"2024-10-20T19:24:14.543Z"}
{"level":"\u001b[32minfo\u001b[39m","message":"{\"method\":\"GET\",\"url\":\"/admin/queues/api/queues/?initialize_payment=latest&process_payment=completed\",\"status\":\"200\",\"responseTime\":\"2.936\"}","timestamp":"2024-10-20T19:24:19.538Z"}
{"level":"\u001b[32minfo\u001b[39m","message":"{\"method\":\"GET\",\"url\":\"/admin/queues/api/queues/?initialize_payment=latest&process_payment=completed\",\"status\":\"200\",\"responseTime\":\"2.705\"}","timestamp":"2024-10-20T19:24:24.539Z"}
{"level":"\u001b[32minfo\u001b[39m","message":"{\"method\":\"GET\",\"url\":\"/admin/queues/api/queues/?initialize_payment=latest&process_payment=completed\",\"status\":\"304\",\"responseTime\":\"5.066\"}","timestamp":"2024-10-20T19:24:29.542Z"}
{"level":"\u001b[32minfo\u001b[39m","message":"{\"method\":\"GET\",\"url\":\"/admin/queues/api/queues/?initialize_payment=latest&process_payment=completed\",\"status\":\"304\",\"responseTime\":\"4.820\"}","timestamp":"2024-10-20T19:24:34.544Z"}
{"level":"\u001b[32minfo\u001b[39m","message":"{\"method\":\"GET\",\"url\":\"/admin/queues/api/queues/?initialize_payment=latest&process_payment=completed\",\"status\":\"304\",\"responseTime\":\"2.306\"}","timestamp":"2024-10-20T19:24:39.537Z"}
{"level":"\u001b[32minfo\u001b[39m","message":"{\"method\":\"GET\",\"url\":\"/admin/queues/api/queues/?initialize_payment=latest&process_payment=completed\",\"status\":\"304\",\"responseTime\":\"5.714\"}","timestamp":"2024-10-20T19:24:44.544Z"}
{"level":"\u001b[32minfo\u001b[39m","message":"{\"method\":\"GET\",\"url\":\"/admin/queues/api/queues/?initialize_payment=latest&process_payment=completed\",\"status\":\"200\",\"responseTime\":\"3.977\"}","timestamp":"2024-10-20T19:24:49.542Z"}
{"level":"\u001b[32minfo\u001b[39m","message":"{\"method\":\"GET\",\"url\":\"/admin/queues/api/queues/?initialize_payment=latest&process_payment=completed\",\"status\":\"304\",\"responseTime\":\"3.535\"}","timestamp":"2024-10-20T19:24:54.542Z"}
{"level":"\u001b[32minfo\u001b[39m","message":"{\"method\":\"GET\",\"url\":\"/admin/queues/api/queues/?initialize_payment=latest&process_payment=completed\",\"status\":\"304\",\"responseTime\":\"3.649\"}","timestamp":"2024-10-20T19:24:59.541Z"}
{"level":"\u001b[32minfo\u001b[39m","message":"{\"method\":\"GET\",\"url\":\"/admin/queues/api/queues/?initialize_payment=latest&process_payment=completed\",\"status\":\"304\",\"responseTime\":\"3.854\"}","timestamp":"2024-10-20T19:25:04.541Z"}
{"level":"\u001b[32minfo\u001b[39m","message":"{\"method\":\"GET\",\"url\":\"/admin/queues/api/queues/?initialize_payment=latest&process_payment=completed\",\"status\":\"304\",\"responseTime\":\"4.575\"}","timestamp":"2024-10-20T19:25:09.537Z"}
{"level":"\u001b[32minfo\u001b[39m","message":"{\"method\":\"GET\",\"url\":\"/admin/queues/api/queues/?initialize_payment=latest&process_payment=completed\",\"status\":\"304\",\"responseTime\":\"4.396\"}","timestamp":"2024-10-20T19:25:14.536Z"}
{"level":"\u001b[32minfo\u001b[39m","message":"{\"method\":\"GET\",\"url\":\"/admin/queues/api/queues/?initialize_payment=latest&process_payment=completed\",\"status\":\"304\",\"responseTime\":\"5.227\"}","timestamp":"2024-10-20T19:25:19.542Z"}
{"level":"\u001b[32minfo\u001b[39m","message":"{\"method\":\"GET\",\"url\":\"/admin/queues/api/queues/?initialize_payment=latest&process_payment=completed\",\"status\":\"200\",\"responseTime\":\"5.861\"}","timestamp":"2024-10-20T19:25:24.540Z"}
{"level":"\u001b[32minfo\u001b[39m","message":"{\"method\":\"GET\",\"url\":\"/admin/queues/api/queues/?initialize_payment=latest&process_payment=completed\",\"status\":\"304\",\"responseTime\":\"3.650\"}","timestamp":"2024-10-20T19:25:29.541Z"}
{"level":"\u001b[32minfo\u001b[39m","message":"{\"method\":\"GET\",\"url\":\"/admin/queues/api/queues/?initialize_payment=latest&process_payment=completed\",\"status\":\"304\",\"responseTime\":\"5.002\"}","timestamp":"2024-10-20T19:25:34.540Z"}
{"level":"\u001b[32minfo\u001b[39m","message":"{\"method\":\"GET\",\"url\":\"/api/v1/transactions/transfers\",\"status\":\"401\",\"responseTime\":\"0.494\"}","timestamp":"2024-10-20T19:25:35.420Z"}
{"level":"\u001b[32minfo\u001b[39m","message":"{\"method\":\"GET\",\"url\":\"/admin/queues/api/queues/?initialize_payment=latest&process_payment=completed\",\"status\":\"200\",\"responseTime\":\"4.802\"}","timestamp":"2024-10-20T19:25:39.544Z"}
{"level":"\u001b[32minfo\u001b[39m","message":"{\"method\":\"GET\",\"url\":\"/admin/queues/api/queues/?initialize_payment=latest&process_payment=completed\",\"status\":\"200\",\"responseTime\":\"5.701\"}","timestamp":"2024-10-20T19:25:45.509Z"}
{"level":"\u001b[32minfo\u001b[39m","message":"{\"method\":\"GET\",\"url\":\"/admin/queues/api/queues/?initialize_payment=latest&process_payment=completed\",\"status\":\"200\",\"responseTime\":\"6.162\"}","timestamp":"2024-10-20T19:25:50.505Z"}
{"level":"\u001b[32minfo\u001b[39m","message":"{\"method\":\"GET\",\"url\":\"/admin/queues/api/queues/?initialize_payment=latest&process_payment=completed\",\"status\":\"200\",\"responseTime\":\"4.331\"}","timestamp":"2024-10-20T19:25:55.506Z"}
{"level":"\u001b[32minfo\u001b[39m","message":"{\"method\":\"GET\",\"url\":\"/admin/queues/api/queues/?initialize_payment=latest&process_payment=completed\",\"status\":\"304\",\"responseTime\":\"5.509\"}","timestamp":"2024-10-20T19:26:00.503Z"}
{"level":"\u001b[32minfo\u001b[39m","message":"{\"method\":\"GET\",\"url\":\"/admin/queues/api/queues/?initialize_payment=latest&process_payment=completed\",\"status\":\"200\",\"responseTime\":\"3.265\"}","timestamp":"2024-10-20T19:26:05.501Z"}
{"level":"\u001b[32minfo\u001b[39m","message":"{\"method\":\"GET\",\"url\":\"/admin/queues/api/queues/?initialize_payment=latest&process_payment=completed\",\"status\":\"200\",\"responseTime\":\"3.629\"}","timestamp":"2024-10-20T19:26:10.503Z"}
{"level":"\u001b[32minfo\u001b[39m","message":"{\"method\":\"GET\",\"url\":\"/admin/queues/api/queues/?initialize_payment=latest&process_payment=completed\",\"status\":\"304\",\"responseTime\":\"4.906\"}","timestamp":"2024-10-20T19:26:15.506Z"}
{"level":"\u001b[32minfo\u001b[39m","message":"{\"method\":\"GET\",\"url\":\"/admin/queues/api/queues/?initialize_payment=latest&process_payment=completed\",\"status\":\"200\",\"responseTime\":\"3.473\"}","timestamp":"2024-10-20T19:26:20.507Z"}
{"level":"\u001b[32minfo\u001b[39m","message":"{\"method\":\"GET\",\"url\":\"/admin/queues/api/queues/?initialize_payment=latest&process_payment=completed\",\"status\":\"304\",\"responseTime\":\"3.132\"}","timestamp":"2024-10-20T19:26:25.505Z"}
{"level":"\u001b[32minfo\u001b[39m","message":"{\"method\":\"GET\",\"url\":\"/admin/queues/api/queues/?initialize_payment=latest&process_payment=completed\",\"status\":\"304\",\"responseTime\":\"4.253\"}","timestamp":"2024-10-20T19:26:30.502Z"}
{"level":"\u001b[32minfo\u001b[39m","message":"{\"method\":\"GET\",\"url\":\"/admin/queues/api/queues/?initialize_payment=latest&process_payment=completed\",\"status\":\"200\",\"responseTime\":\"4.746\"}","timestamp":"2024-10-20T19:26:34.541Z"}
{"level":"\u001b[32minfo\u001b[39m","message":"{\"method\":\"GET\",\"url\":\"/admin/queues/api/queues/?initialize_payment=latest&process_payment=completed\",\"status\":\"200\",\"responseTime\":\"4.773\"}","timestamp":"2024-10-20T19:26:39.542Z"}
{"level":"\u001b[32minfo\u001b[39m","message":"{\"method\":\"GET\",\"url\":\"/admin/queues/api/queues/?initialize_payment=latest&process_payment=completed\",\"status\":\"304\",\"responseTime\":\"3.978\"}","timestamp":"2024-10-20T19:26:44.538Z"}
{"level":"\u001b[32minfo\u001b[39m","message":"{\"method\":\"GET\",\"url\":\"/admin/queues/api/queues/?initialize_payment=latest&process_payment=completed\",\"status\":\"200\",\"responseTime\":\"3.079\"}","timestamp":"2024-10-20T19:26:49.537Z"}
{"level":"\u001b[32minfo\u001b[39m","message":"{\"method\":\"GET\",\"url\":\"/api/v1/transactions/transfers\",\"status\":\"501\",\"responseTime\":\"15.432\"}","timestamp":"2024-10-20T19:26:49.733Z"}
{"level":"\u001b[32minfo\u001b[39m","message":"{\"method\":\"GET\",\"url\":\"/admin/queues/api/queues/?initialize_payment=latest&process_payment=completed\",\"status\":\"200\",\"responseTime\":\"5.163\"}","timestamp":"2024-10-20T19:26:54.544Z"}
{"level":"\u001b[32minfo\u001b[39m","message":"{\"method\":\"GET\",\"url\":\"/admin/queues/api/queues/?initialize_payment=latest&process_payment=completed\",\"status\":\"304\",\"responseTime\":\"3.684\"}","timestamp":"2024-10-20T19:26:59.540Z"}
{"level":"\u001b[32minfo\u001b[39m","message":"{\"method\":\"GET\",\"url\":\"/admin/queues/api/queues/?initialize_payment=latest&process_payment=completed\",\"status\":\"304\",\"responseTime\":\"2.006\"}","timestamp":"2024-10-20T19:27:04.533Z"}
{"level":"\u001b[32minfo\u001b[39m","message":"{\"method\":\"GET\",\"url\":\"/api/v1/transactions/transfers?pageNum=0&pageSize=5\",\"status\":\"200\",\"responseTime\":\"15.865\"}","timestamp":"2024-10-20T19:27:08.402Z"}
{"level":"\u001b[32minfo\u001b[39m","message":"{\"method\":\"GET\",\"url\":\"/admin/queues/api/queues/?initialize_payment=latest&process_payment=completed\",\"status\":\"304\",\"responseTime\":\"2.154\"}","timestamp":"2024-10-20T19:27:09.536Z"}
{"level":"\u001b[32minfo\u001b[39m","message":"{\"method\":\"GET\",\"url\":\"/admin/queues/api/queues/?initialize_payment=latest&process_payment=completed\",\"status\":\"200\",\"responseTime\":\"4.917\"}","timestamp":"2024-10-20T19:27:14.540Z"}
{"level":"\u001b[32minfo\u001b[39m","message":"{\"method\":\"GET\",\"url\":\"/admin/queues/api/queues/?initialize_payment=latest&process_payment=completed\",\"status\":\"200\",\"responseTime\":\"3.436\"}","timestamp":"2024-10-20T19:27:19.539Z"}
{"level":"\u001b[32minfo\u001b[39m","message":"{\"method\":\"GET\",\"url\":\"/api/v1/transactions/transfers?pageNum=0&pageSize=1\",\"status\":\"200\",\"responseTime\":\"13.480\"}","timestamp":"2024-10-20T19:27:22.269Z"}
{"level":"\u001b[32minfo\u001b[39m","message":"{\"method\":\"GET\",\"url\":\"/admin/queues/api/queues/?initialize_payment=latest&process_payment=completed\",\"status\":\"200\",\"responseTime\":\"4.063\"}","timestamp":"2024-10-20T19:27:24.538Z"}
{"level":"\u001b[32minfo\u001b[39m","message":"{\"method\":\"GET\",\"url\":\"/api/v1/transactions/transfers?pageNum=0&pageSize=5\",\"status\":\"200\",\"responseTime\":\"6.603\"}","timestamp":"2024-10-20T19:27:28.222Z"}
{"level":"\u001b[32minfo\u001b[39m","message":"{\"method\":\"GET\",\"url\":\"/admin/queues/api/queues/?initialize_payment=latest&process_payment=completed\",\"status\":\"200\",\"responseTime\":\"4.210\"}","timestamp":"2024-10-20T19:27:29.542Z"}
{"level":"\u001b[32minfo\u001b[39m","message":"{\"method\":\"GET\",\"url\":\"/admin/queues/api/queues/?initialize_payment=latest&process_payment=completed\",\"status\":\"304\",\"responseTime\":\"2.108\"}","timestamp":"2024-10-20T19:27:34.537Z"}
{"level":"\u001b[32minfo\u001b[39m","message":"{\"method\":\"GET\",\"url\":\"/admin/queues/api/queues/?initialize_payment=latest&process_payment=completed\",\"status\":\"304\",\"responseTime\":\"3.204\"}","timestamp":"2024-10-20T19:27:39.533Z"}
{"level":"\u001b[32minfo\u001b[39m","message":"{\"method\":\"GET\",\"url\":\"/admin/queues/api/queues/?initialize_payment=latest&process_payment=completed\",\"status\":\"304\",\"responseTime\":\"3.915\"}","timestamp":"2024-10-20T19:27:44.541Z"}
{"level":"\u001b[32minfo\u001b[39m","message":"{\"method\":\"GET\",\"url\":\"/admin/queues/api/queues/?initialize_payment=latest&process_payment=completed\",\"status\":\"304\",\"responseTime\":\"5.096\"}","timestamp":"2024-10-20T19:27:49.541Z"}
{"level":"\u001b[32minfo\u001b[39m","message":"{\"method\":\"GET\",\"url\":\"/admin/queues/api/queues/?initialize_payment=latest&process_payment=completed\",\"status\":\"200\",\"responseTime\":\"3.757\"}","timestamp":"2024-10-20T19:27:54.537Z"}
{"level":"\u001b[32minfo\u001b[39m","message":"{\"method\":\"GET\",\"url\":\"/admin/queues/api/queues/?initialize_payment=latest&process_payment=completed\",\"status\":\"200\",\"responseTime\":\"3.857\"}","timestamp":"2024-10-20T19:28:00.504Z"}
{"level":"\u001b[32minfo\u001b[39m","message":"{\"method\":\"GET\",\"url\":\"/admin/queues/api/queues/?initialize_payment=latest&process_payment=completed\",\"status\":\"304\",\"responseTime\":\"3.094\"}","timestamp":"2024-10-20T19:28:05.504Z"}
{"level":"\u001b[32minfo\u001b[39m","message":"{\"method\":\"GET\",\"url\":\"/admin/queues/api/queues/?initialize_payment=latest&process_payment=completed\",\"status\":\"200\",\"responseTime\":\"2.111\"}","timestamp":"2024-10-20T19:28:10.559Z"}
{"level":"\u001b[32minfo\u001b[39m","message":"{\"method\":\"GET\",\"url\":\"/admin/queues/api/queues/?initialize_payment=latest&process_payment=completed\",\"status\":\"200\",\"responseTime\":\"2.336\"}","timestamp":"2024-10-20T19:28:15.504Z"}
{"level":"\u001b[32minfo\u001b[39m","message":"{\"method\":\"GET\",\"url\":\"/admin/queues/api/queues/?initialize_payment=latest&process_payment=completed\",\"status\":\"200\",\"responseTime\":\"2.517\"}","timestamp":"2024-10-20T19:28:20.502Z"}
{"level":"\u001b[32minfo\u001b[39m","message":"{\"method\":\"GET\",\"url\":\"/admin/queues/api/queues/?initialize_payment=latest&process_payment=completed\",\"status\":\"200\",\"responseTime\":\"4.201\"}","timestamp":"2024-10-20T19:28:25.509Z"}
{"level":"\u001b[32minfo\u001b[39m","message":"{\"method\":\"GET\",\"url\":\"/admin/queues/api/queues/?initialize_payment=latest&process_payment=completed\",\"status\":\"304\",\"responseTime\":\"3.930\"}","timestamp":"2024-10-20T19:28:30.506Z"}
{"level":"\u001b[32minfo\u001b[39m","message":"{\"method\":\"GET\",\"url\":\"/admin/queues/api/queues/?initialize_payment=latest&process_payment=completed\",\"status\":\"304\",\"responseTime\":\"3.312\"}","timestamp":"2024-10-20T19:28:35.505Z"}
{"level":"\u001b[32minfo\u001b[39m","message":"{\"method\":\"GET\",\"url\":\"/admin/queues/api/queues/?initialize_payment=latest&process_payment=completed\",\"status\":\"304\",\"responseTime\":\"2.905\"}","timestamp":"2024-10-20T19:28:40.505Z"}
{"level":"\u001b[32minfo\u001b[39m","message":"{\"method\":\"GET\",\"url\":\"/admin/queues/api/queues/?initialize_payment=latest&process_payment=completed\",\"status\":\"304\",\"responseTime\":\"4.166\"}","timestamp":"2024-10-20T19:28:45.505Z"}
{"level":"\u001b[32minfo\u001b[39m","message":"{\"method\":\"GET\",\"url\":\"/admin/queues/api/queues/?initialize_payment=latest&process_payment=completed\",\"status\":\"304\",\"responseTime\":\"3.188\"}","timestamp":"2024-10-20T19:28:50.505Z"}
{"level":"\u001b[32minfo\u001b[39m","message":"{\"method\":\"GET\",\"url\":\"/admin/queues/api/queues/?initialize_payment=latest&process_payment=completed\",\"status\":\"304\",\"responseTime\":\"3.792\"}","timestamp":"2024-10-20T19:28:55.503Z"}
{"level":"\u001b[32minfo\u001b[39m","message":"{\"method\":\"GET\",\"url\":\"/admin/queues/api/queues/?initialize_payment=latest&process_payment=completed\",\"status\":\"304\",\"responseTime\":\"2.387\"}","timestamp":"2024-10-20T19:29:00.501Z"}
{"level":"\u001b[32minfo\u001b[39m","message":"{\"method\":\"GET\",\"url\":\"/admin/queues/api/queues/?initialize_payment=latest&process_payment=completed\",\"status\":\"304\",\"responseTime\":\"3.819\"}","timestamp":"2024-10-20T19:29:05.502Z"}
{"level":"\u001b[32minfo\u001b[39m","message":"{\"method\":\"GET\",\"url\":\"/admin/queues/api/queues/?initialize_payment=latest&process_payment=completed\",\"status\":\"304\",\"responseTime\":\"3.163\"}","timestamp":"2024-10-20T19:29:10.505Z"}
{"level":"\u001b[32minfo\u001b[39m","message":"{\"method\":\"GET\",\"url\":\"/admin/queues/api/queues/?initialize_payment=latest&process_payment=completed\",\"status\":\"304\",\"responseTime\":\"2.475\"}","timestamp":"2024-10-20T19:29:15.499Z"}
{"level":"\u001b[32minfo\u001b[39m","message":"{\"method\":\"GET\",\"url\":\"/admin/queues/api/queues/?initialize_payment=latest&process_payment=completed\",\"status\":\"304\",\"responseTime\":\"2.691\"}","timestamp":"2024-10-20T19:29:20.502Z"}
{"level":"\u001b[32minfo\u001b[39m","message":"{\"method\":\"GET\",\"url\":\"/admin/queues/api/queues/?initialize_payment=latest&process_payment=completed\",\"status\":\"200\",\"responseTime\":\"3.077\"}","timestamp":"2024-10-20T19:29:25.505Z"}
{"level":"\u001b[32minfo\u001b[39m","message":"{\"method\":\"GET\",\"url\":\"/admin/queues/api/queues/?initialize_payment=latest&process_payment=completed\",\"status\":\"304\",\"responseTime\":\"3.082\"}","timestamp":"2024-10-20T19:29:30.503Z"}
{"level":"\u001b[32minfo\u001b[39m","message":"{\"method\":\"GET\",\"url\":\"/admin/queues/api/queues/?initialize_payment=latest&process_payment=completed\",\"status\":\"304\",\"responseTime\":\"2.484\"}","timestamp":"2024-10-20T19:29:35.561Z"}
{"level":"\u001b[32minfo\u001b[39m","message":"{\"method\":\"GET\",\"url\":\"/admin/queues/api/queues/?initialize_payment=latest&process_payment=completed\",\"status\":\"304\",\"responseTime\":\"4.555\"}","timestamp":"2024-10-20T19:29:40.521Z"}
{"level":"\u001b[32minfo\u001b[39m","message":"{\"method\":\"GET\",\"url\":\"/admin/queues/api/queues/?initialize_payment=latest&process_payment=completed\",\"status\":\"200\",\"responseTime\":\"2.866\"}","timestamp":"2024-10-20T19:29:45.502Z"}
{"level":"\u001b[32minfo\u001b[39m","message":"{\"method\":\"GET\",\"url\":\"/admin/queues/api/queues/?initialize_payment=latest&process_payment=completed\",\"status\":\"304\",\"responseTime\":\"3.780\"}","timestamp":"2024-10-20T19:29:50.507Z"}
{"level":"\u001b[32minfo\u001b[39m","message":"{\"method\":\"GET\",\"url\":\"/admin/queues/api/queues/?initialize_payment=latest&process_payment=completed\",\"status\":\"200\",\"responseTime\":\"10.464\"}","timestamp":"2024-10-20T19:29:55.523Z"}
{"level":"\u001b[32minfo\u001b[39m","message":"{\"method\":\"GET\",\"url\":\"/admin/queues/api/queues/?initialize_payment=latest&process_payment=completed\",\"status\":\"200\",\"responseTime\":\"16.983\"}","timestamp":"2024-10-20T19:30:00.520Z"}
{"level":"\u001b[32minfo\u001b[39m","message":"{\"method\":\"GET\",\"url\":\"/admin/queues/api/queues/?initialize_payment=latest&process_payment=completed\",\"status\":\"200\",\"responseTime\":\"4.740\"}","timestamp":"2024-10-20T19:30:05.507Z"}
{"level":"\u001b[32minfo\u001b[39m","message":"{\"method\":\"GET\",\"url\":\"/admin/queues/api/queues/?initialize_payment=latest&process_payment=completed\",\"status\":\"304\",\"responseTime\":\"3.784\"}","timestamp":"2024-10-20T19:30:10.505Z"}
{"level":"\u001b[32minfo\u001b[39m","message":"{\"method\":\"GET\",\"url\":\"/admin/queues/api/queues/?initialize_payment=latest&process_payment=completed\",\"status\":\"304\",\"responseTime\":\"4.000\"}","timestamp":"2024-10-20T19:30:15.505Z"}
{"level":"\u001b[32minfo\u001b[39m","message":"{\"method\":\"GET\",\"url\":\"/admin/queues/api/queues/?initialize_payment=latest&process_payment=completed\",\"status\":\"304\",\"responseTime\":\"4.828\"}","timestamp":"2024-10-20T19:30:20.506Z"}
{"level":"\u001b[32minfo\u001b[39m","message":"{\"method\":\"GET\",\"url\":\"/admin/queues/api/queues/?initialize_payment=latest&process_payment=completed\",\"status\":\"304\",\"responseTime\":\"23.719\"}","timestamp":"2024-10-20T19:30:25.524Z"}
{"level":"\u001b[32minfo\u001b[39m","message":"{\"method\":\"GET\",\"url\":\"/admin/queues/api/queues/?initialize_payment=latest&process_payment=completed\",\"status\":\"200\",\"responseTime\":\"10.715\"}","timestamp":"2024-10-20T19:30:35.524Z"}
{"level":"\u001b[32minfo\u001b[39m","message":"{\"method\":\"GET\",\"url\":\"/admin/queues/api/queues/?initialize_payment=latest&process_payment=completed\",\"status\":\"304\",\"responseTime\":\"5.833\"}","timestamp":"2024-10-20T19:30:40.508Z"}
{"level":"\u001b[32minfo\u001b[39m","message":"{\"method\":\"GET\",\"url\":\"/admin/queues/api/queues/?initialize_payment=latest&process_payment=completed\",\"status\":\"200\",\"responseTime\":\"5.137\"}","timestamp":"2024-10-20T19:30:45.507Z"}
{"level":"\u001b[32minfo\u001b[39m","message":"{\"method\":\"GET\",\"url\":\"/admin/queues/api/queues/?initialize_payment=latest&process_payment=completed\",\"status\":\"304\",\"responseTime\":\"3.892\"}","timestamp":"2024-10-20T19:30:50.504Z"}
{"level":"\u001b[32minfo\u001b[39m","message":"{\"method\":\"GET\",\"url\":\"/admin/queues/api/queues/?initialize_payment=latest&process_payment=completed\",\"status\":\"200\",\"responseTime\":\"4.623\"}","timestamp":"2024-10-20T19:30:55.505Z"}
{"level":"\u001b[32minfo\u001b[39m","message":"{\"method\":\"GET\",\"url\":\"/admin/queues/api/queues/?initialize_payment=latest&process_payment=completed\",\"status\":\"304\",\"responseTime\":\"3.548\"}","timestamp":"2024-10-20T19:31:00.503Z"}
{"level":"\u001b[32minfo\u001b[39m","message":"{\"method\":\"GET\",\"url\":\"/admin/queues/api/queues/?initialize_payment=latest&process_payment=completed\",\"status\":\"200\",\"responseTime\":\"3.259\"}","timestamp":"2024-10-20T19:31:05.504Z"}
{"level":"\u001b[32minfo\u001b[39m","message":"{\"method\":\"GET\",\"url\":\"/admin/queues/api/queues/?initialize_payment=latest&process_payment=completed\",\"status\":\"304\",\"responseTime\":\"4.209\"}","timestamp":"2024-10-20T19:31:10.504Z"}
{"level":"\u001b[32minfo\u001b[39m","message":"{\"method\":\"GET\",\"url\":\"/admin/queues/api/queues/?initialize_payment=latest&process_payment=completed\",\"status\":\"304\",\"responseTime\":\"2.947\"}","timestamp":"2024-10-20T19:31:15.502Z"}
{"level":"\u001b[32minfo\u001b[39m","message":"{\"method\":\"GET\",\"url\":\"/admin/queues/api/queues/?initialize_payment=latest&process_payment=completed\",\"status\":\"304\",\"responseTime\":\"3.466\"}","timestamp":"2024-10-20T19:31:20.505Z"}
{"level":"\u001b[32minfo\u001b[39m","message":"{\"method\":\"GET\",\"url\":\"/admin/queues/api/queues/?initialize_payment=latest&process_payment=completed\",\"status\":\"304\",\"responseTime\":\"2.756\"}","timestamp":"2024-10-20T19:31:25.500Z"}
{"level":"\u001b[32minfo\u001b[39m","message":"{\"method\":\"GET\",\"url\":\"/admin/queues/api/queues/?initialize_payment=latest&process_payment=completed\",\"status\":\"304\",\"responseTime\":\"4.451\"}","timestamp":"2024-10-20T19:31:30.505Z"}
{"level":"\u001b[32minfo\u001b[39m","message":"{\"method\":\"GET\",\"url\":\"/admin/queues/api/queues/?initialize_payment=latest&process_payment=completed\",\"status\":\"200\",\"responseTime\":\"4.048\"}","timestamp":"2024-10-20T19:31:35.504Z"}
{"level":"\u001b[32minfo\u001b[39m","message":"{\"method\":\"GET\",\"url\":\"/admin/queues/api/queues/?initialize_payment=latest&process_payment=completed\",\"status\":\"304\",\"responseTime\":\"2.820\"}","timestamp":"2024-10-20T19:31:40.501Z"}
{"level":"\u001b[32minfo\u001b[39m","message":"{\"method\":\"GET\",\"url\":\"/admin/queues/api/queues/?initialize_payment=latest&process_payment=completed\",\"status\":\"304\",\"responseTime\":\"2.903\"}","timestamp":"2024-10-20T19:31:45.500Z"}
{"level":"\u001b[32minfo\u001b[39m","message":"{\"method\":\"GET\",\"url\":\"/admin/queues/api/queues/?initialize_payment=latest&process_payment=completed\",\"status\":\"304\",\"responseTime\":\"3.397\"}","timestamp":"2024-10-20T19:31:50.502Z"}
{"level":"\u001b[32minfo\u001b[39m","message":"{\"method\":\"GET\",\"url\":\"/admin/queues/api/queues/?initialize_payment=latest&process_payment=completed\",\"status\":\"304\",\"responseTime\":\"4.380\"}","timestamp":"2024-10-20T19:31:55.507Z"}
{"level":"\u001b[32minfo\u001b[39m","message":"{\"method\":\"GET\",\"url\":\"/admin/queues/api/queues/?initialize_payment=latest&process_payment=completed\",\"status\":\"304\",\"responseTime\":\"2.240\"}","timestamp":"2024-10-20T19:32:00.501Z"}
{"level":"\u001b[32minfo\u001b[39m","message":"{\"method\":\"GET\",\"url\":\"/admin/queues/api/queues/?initialize_payment=latest&process_payment=completed\",\"status\":\"200\",\"responseTime\":\"3.245\"}","timestamp":"2024-10-20T19:32:05.505Z"}
{"level":"\u001b[32minfo\u001b[39m","message":"{\"method\":\"GET\",\"url\":\"/admin/queues/api/queues/?initialize_payment=latest&process_payment=completed\",\"status\":\"304\",\"responseTime\":\"3.673\"}","timestamp":"2024-10-20T19:32:10.503Z"}
{"level":"\u001b[32minfo\u001b[39m","message":"{\"method\":\"GET\",\"url\":\"/admin/queues/api/queues/?initialize_payment=latest&process_payment=completed\",\"status\":\"304\",\"responseTime\":\"3.255\"}","timestamp":"2024-10-20T19:32:15.504Z"}
{"level":"\u001b[32minfo\u001b[39m","message":"{\"method\":\"GET\",\"url\":\"/admin/queues/api/queues/?initialize_payment=latest&process_payment=completed\",\"status\":\"304\",\"responseTime\":\"3.952\"}","timestamp":"2024-10-20T19:32:20.502Z"}
{"level":"\u001b[32minfo\u001b[39m","message":"{\"method\":\"GET\",\"url\":\"/admin/queues/api/queues/?initialize_payment=latest&process_payment=completed\",\"status\":\"304\",\"responseTime\":\"3.352\"}","timestamp":"2024-10-20T19:32:25.503Z"}
{"level":"\u001b[32minfo\u001b[39m","message":"{\"method\":\"GET\",\"url\":\"/admin/queues/api/queues/?initialize_payment=latest&process_payment=completed\",\"status\":\"304\",\"responseTime\":\"3.022\"}","timestamp":"2024-10-20T19:32:30.504Z"}
{"level":"\u001b[32minfo\u001b[39m","message":"{\"method\":\"GET\",\"url\":\"/admin/queues/api/queues/?initialize_payment=latest&process_payment=completed\",\"status\":\"304\",\"responseTime\":\"4.340\"}","timestamp":"2024-10-20T19:32:35.504Z"}
{"level":"\u001b[32minfo\u001b[39m","message":"{\"method\":\"GET\",\"url\":\"/admin/queues/api/queues/?initialize_payment=latest&process_payment=completed\",\"status\":\"304\",\"responseTime\":\"3.379\"}","timestamp":"2024-10-20T19:32:40.504Z"}
{"level":"\u001b[32minfo\u001b[39m","message":"{\"method\":\"GET\",\"url\":\"/admin/queues/api/queues/?initialize_payment=latest&process_payment=completed\",\"status\":\"304\",\"responseTime\":\"3.384\"}","timestamp":"2024-10-20T19:32:45.501Z"}
{"level":"\u001b[32minfo\u001b[39m","message":"{\"method\":\"GET\",\"url\":\"/admin/queues/api/queues/?initialize_payment=latest&process_payment=completed\",\"status\":\"304\",\"responseTime\":\"2.347\"}","timestamp":"2024-10-20T19:32:50.502Z"}
{"level":"\u001b[32minfo\u001b[39m","message":"{\"method\":\"GET\",\"url\":\"/admin/queues/api/queues/?initialize_payment=latest&process_payment=completed\",\"status\":\"304\",\"responseTime\":\"3.246\"}","timestamp":"2024-10-20T19:32:55.500Z"}
{"level":"\u001b[32minfo\u001b[39m","message":"{\"method\":\"GET\",\"url\":\"/admin/queues/api/queues/?initialize_payment=latest&process_payment=completed\",\"status\":\"200\",\"responseTime\":\"11.894\"}","timestamp":"2024-10-20T19:33:28.525Z"}
{"level":"\u001b[32minfo\u001b[39m","message":"{\"method\":\"GET\",\"url\":\"/admin/queues/api/queues/?initialize_payment=latest&process_payment=completed\",\"status\":\"304\",\"responseTime\":\"12.781\"}","timestamp":"2024-10-20T19:34:28.525Z"}
{"level":"\u001b[32minfo\u001b[39m","message":"{\"method\":\"GET\",\"url\":\"/admin/queues/api/queues/?initialize_payment=latest&process_payment=completed\",\"status\":\"200\",\"responseTime\":\"5.807\"}","timestamp":"2024-10-20T19:35:28.513Z"}
{"level":"\u001b[32minfo\u001b[39m","message":"{\"method\":\"GET\",\"url\":\"/admin/queues/api/queues/?initialize_payment=latest&process_payment=completed\",\"status\":\"200\",\"responseTime\":\"6.674\"}","timestamp":"2024-10-20T19:36:28.519Z"}
{"level":"\u001b[32minfo\u001b[39m","message":"{\"method\":\"GET\",\"url\":\"/admin/queues/api/queues/?initialize_payment=latest&process_payment=completed\",\"status\":\"200\",\"responseTime\":\"10.864\"}","timestamp":"2024-10-20T19:37:28.529Z"}
{"level":"\u001b[32minfo\u001b[39m","message":"{\"method\":\"GET\",\"url\":\"/admin/queues/api/queues/?initialize_payment=latest&process_payment=completed\",\"status\":\"200\",\"responseTime\":\"10.954\"}","timestamp":"2024-10-20T19:38:28.663Z"}
{"level":"\u001b[32minfo\u001b[39m","message":"{\"method\":\"GET\",\"url\":\"/admin/queues/api/queues/?initialize_payment=latest&process_payment=completed\",\"status\":\"200\",\"responseTime\":\"15.835\"}","timestamp":"2024-10-20T19:39:28.675Z"}
{"level":"\u001b[32minfo\u001b[39m","message":"{\"method\":\"GET\",\"url\":\"/admin/queues/api/queues/?initialize_payment=latest&process_payment=completed\",\"status\":\"200\",\"responseTime\":\"5.716\"}","timestamp":"2024-10-20T19:40:28.660Z"}
{"level":"\u001b[32minfo\u001b[39m","message":"{\"method\":\"GET\",\"url\":\"/admin/queues/api/queues/?initialize_payment=latest&process_payment=completed\",\"status\":\"200\",\"responseTime\":\"10.333\"}","timestamp":"2024-10-20T19:41:28.668Z"}
{"level":"\u001b[32minfo\u001b[39m","message":"{\"method\":\"GET\",\"url\":\"/admin/queues/api/queues/?initialize_payment=latest&process_payment=completed\",\"status\":\"200\",\"responseTime\":\"3.595\"}","timestamp":"2024-10-20T19:42:28.666Z"}
{"level":"\u001b[32minfo\u001b[39m","message":"{\"method\":\"GET\",\"url\":\"/admin/queues/api/queues/?initialize_payment=latest&process_payment=completed\",\"status\":\"200\",\"responseTime\":\"14.001\"}","timestamp":"2024-10-20T19:43:28.670Z"}
{"level":"\u001b[32minfo\u001b[39m","message":"{\"method\":\"GET\",\"url\":\"/admin/queues/api/queues/?initialize_payment=latest&process_payment=completed\",\"status\":\"200\",\"responseTime\":\"8.347\"}","timestamp":"2024-10-20T19:44:28.666Z"}
{"level":"\u001b[32minfo\u001b[39m","message":"{\"method\":\"GET\",\"url\":\"/admin/queues/api/queues/?initialize_payment=latest&process_payment=completed\",\"status\":\"200\",\"responseTime\":\"24.646\"}","timestamp":"2024-10-20T19:45:28.684Z"}
